{"sessionId":"5f6585","runId":"initial","hypothesisId":"H1,H2,H4,H5","location":"Converted.CT","message":"runtime counter snapshot","data":{"entryCount":0,"noMatchCount":0,"youthMatchCount":0,"ptrVal":"0x0","saveRDX":"0x0"},"timestamp":1777842372000}
{"sessionId":"5f6585","runId":"initial","hypothesisId":"H1,H2,H4,H5","location":"Converted.CT","message":"runtime counter snapshot","data":{"entryCount":0,"noMatchCount":0,"youthMatchCount":0,"ptrVal":"0x0","saveRDX":"0x0"},"timestamp":1777842373000}
{"sessionId":"5f6585","runId":"initial","hypothesisId":"H1,H2,H4,H5","location":"Converted.CT","message":"runtime counter snapshot","data":{"entryCount":0,"noMatchCount":0,"youthMatchCount":0,"ptrVal":"0x0","saveRDX":"0x0"},"timestamp":1777842374000}
{"sessionId":"5f6585","runId":"initial","hypothesisId":"H1,H2,H4,H5","location":"Converted.CT","message":"runtime counter snapshot","data":{"entryCount":0,"noMatchCount":0,"youthMatchCount":0,"ptrVal":"0x0","saveRDX":"0x0"},"timestamp":1777842375000}
{"sessionId":"5f6585","runId":"initial","hypothesisId":"H1,H2,H4,H5","location":"Converted.CT","message":"runtime counter snapshot","data":{"entryCount":0,"noMatchCount":0,"youthMatchCount":0,"ptrVal":"0x0","saveRDX":"0x0"},"timestamp":1777842376000}
{"sessionId":"5f6585","runId":"initial","hypothesisId":"H1,H2,H4,H5","location":"Converted.CT","message":"runtime counter snapshot","data":{"entryCount":0,"noMatchCount":0,"youthMatchCount":0,"ptrVal":"0x0","saveRDX":"0x0"},"timestamp":1777842377000}
{"sessionId":"5f6585","runId":"initial","hypothesisId":"H1,H2,H4,H5","location":"Converted.CT","message":"runtime counter snapshot","data":{"entryCount":0,"noMatchCount":0,"youthMatchCount":0,"ptrVal":"0x0","saveRDX":"0x0"},"timestamp":1777842378000}
{"sessionId":"5f6585","runId":"initial","hypothesisId":"H1,H2,H4,H5","location":"Converted.CT","message":"runtime counter snapshot","data":{"entryCount":0,"noMatchCount":0,"youthMatchCount":0,"ptrVal":"0x0","saveRDX":"0x0"},"timestamp":1777842379000}
{"sessionId":"5f6585","runId":"initial","hypothesisId":"H1,H2,H4,H5","location":"Converted.CT","message":"runtime counter snapshot","data":{"entryCount":0,"noMatchCount":0,"youthMatchCount":0,"ptrVal":"0x0","saveRDX":"0x0"},"timestamp":1777842380000}
{"sessionId":"5f6585","runId":"initial","hypothesisId":"H1,H2,H4,H5","location":"Converted.CT","message":"runtime counter snapshot","data":{"entryCount":0,"noMatchCount":0,"youthMatchCount":0,"ptrVal":"0x0","saveRDX":"0x0"},"timestamp":1777842381000}
{"sessionId":"5f6585","runId":"initial","hypothesisId":"H1,H2,H4,H5","location":"Converted.CT","message":"runtime counter snapshot","data":{"entryCount":0,"noMatchCount":0,"youthMatchCount":0,"ptrVal":"0x0","saveRDX":"0x0"},"timestamp":1777842382000}
{"sessionId":"5f6585","runId":"initial","hypothesisId":"H1,H2,H4,H5","location":"Converted.CT","message":"runtime counter snapshot","data":{"entryCount":0,"noMatchCount":0,"youthMatchCount":0,"ptrVal":"0x0","saveRDX":"0x0"},"timestamp":1777842383000}
{"sessionId":"5f6585","runId":"initial","hypothesisId":"H1,H2,H4,H5","location":"Converted.CT","message":"runtime counter snapshot","data":{"entryCount":0,"noMatchCount":0,"youthMatchCount":0,"ptrVal":"0x0","saveRDX":"0x0"},"timestamp":1777842384000}
{"sessionId":"5f6585","runId":"initial","hypothesisId":"H1,H2,H4,H5","location":"Converted.CT","message":"runtime counter snapshot","data":{"entryCount":0,"noMatchCount":0,"youthMatchCount":0,"ptrVal":"0x0","saveRDX":"0x0"},"timestamp":1777842385000}
{"sessionId":"5f6585","runId":"initial","hypothesisId":"H1,H2,H4,H5","location":"Converted.CT","message":"runtime counter snapshot","data":{"entryCount":0,"noMatchCount":0,"youthMatchCount":0,"ptrVal":"0x0","saveRDX":"0x0"},"timestamp":1777842386000}
{"sessionId":"5f6585","runId":"initial","hypothesisId":"H1,H2,H4,H5","location":"Converted.CT","message":"runtime counter snapshot","data":{"entryCount":0,"noMatchCount":0,"youthMatchCount":0,"ptrVal":"0x0","saveRDX":"0x0"},"timestamp":1777842387000}
{"sessionId":"5f6585","runId":"initial","hypothesisId":"H1,H2,H4,H5","location":"Converted.CT","message":"runtime counter snapshot","data":{"entryCount":0,"noMatchCount":0,"youthMatchCount":0,"ptrVal":"0x0","saveRDX":"0x0"},"timestamp":1777842388000}
{"sessionId":"5f6585","runId":"initial","hypothesisId":"H1,H2,H4,H5","location":"Converted.CT","message":"runtime counter snapshot","data":{"entryCount":0,"noMatchCount":0,"youthMatchCount":0,"ptrVal":"0x0","saveRDX":"0x0"},"timestamp":1777842389000}
{"sessionId":"5f6585","runId":"initial","hypothesisId":"H3","location":"Converted.CT","message":"cheat table enable requested","data":{"tableContainsYouthAge14":true,"expectedKey":"YOUTH_SQUAD/MIN_PLAYER_AGE_FOR_PROMOTION"},"timestamp":1777842389000}
{"sessionId":"5f6585","runId":"initial","hypothesisId":"cleanup","location":"Converted.CT","message":"cheat table disabled","data":{},"timestamp":1777842389000}
{"sessionId":"5f6585","runId":"initial","hypothesisId":"H3","location":"Converted.CT","message":"cheat table enable requested","data":{"tableContainsYouthAge14":true,"expectedKey":"YOUTH_SQUAD/MIN_PLAYER_AGE_FOR_PROMOTION"},"timestamp":1777842416000}
{"sessionId":"5f6585","runId":"initial","hypothesisId":"H1,H2,H4,H5","location":"Converted.CT","message":"runtime counter snapshot","data":{"entryCount":235,"noMatchCount":141,"youthMatchCount":0,"ptrVal":"0x3F68D718","saveRDX":"0x14384442B"},"timestamp":1777842417000}
{"sessionId":"5f6585","runId":"initial","hypothesisId":"H1,H2,H4,H5","location":"Converted.CT","message":"runtime counter snapshot","data":{"entryCount":670,"noMatchCount":321,"youthMatchCount":0,"ptrVal":"0x3F68D718","saveRDX":"0x14384442B"},"timestamp":1777842418000}
{"sessionId":"5f6585","runId":"initial","hypothesisId":"H1,H2,H4,H5","location":"Converted.CT","message":"runtime counter snapshot","data":{"entryCount":1889,"noMatchCount":501,"youthMatchCount":0,"ptrVal":"0x3F68D718","saveRDX":"0x14384442B"},"timestamp":1777842419000}
{"sessionId":"5f6585","runId":"initial","hypothesisId":"H1,H2,H4,H5","location":"Converted.CT","message":"runtime counter snapshot","data":{"entryCount":3166,"noMatchCount":684,"youthMatchCount":0,"ptrVal":"0x3F68D718","saveRDX":"0x14384442B"},"timestamp":1777842420000}
{"sessionId":"5f6585","runId":"initial","hypothesisId":"H1,H2,H4,H5","location":"Converted.CT","message":"runtime counter snapshot","data":{"entryCount":52650,"noMatchCount":33083,"youthMatchCount":4,"ptrVal":"0x3F68D718","saveRDX":"0x14384442B"},"timestamp":1777842421000}
{"sessionId":"5f6585","runId":"initial","hypothesisId":"H1,H2,H4,H5","location":"Converted.CT","message":"runtime counter snapshot","data":{"entryCount":53917,"noMatchCount":33271,"youthMatchCount":4,"ptrVal":"0x3F68D718","saveRDX":"0x14384442B"},"timestamp":1777842422000}
{"sessionId":"5f6585","runId":"initial","hypothesisId":"H1,H2,H4,H5","location":"Converted.CT","message":"runtime counter snapshot","data":{"entryCount":55193,"noMatchCount":33471,"youthMatchCount":4,"ptrVal":"0x3F68D718","saveRDX":"0x14384442B"},"timestamp":1777842423000}
{"sessionId":"5f6585","runId":"initial","hypothesisId":"H1,H2,H4,H5","location":"Converted.CT","message":"runtime counter snapshot","data":{"entryCount":56425,"noMatchCount":33651,"youthMatchCount":4,"ptrVal":"0x3F68D718","saveRDX":"0x14384442B"},"timestamp":1777842424000}
{"sessionId":"5f6585","runId":"initial","hypothesisId":"H1,H2,H4,H5","location":"Converted.CT","message":"runtime counter snapshot","data":{"entryCount":57679,"noMatchCount":33831,"youthMatchCount":4,"ptrVal":"0x3F68D718","saveRDX":"0x14384442B"},"timestamp":1777842425000}
{"sessionId":"5f6585","runId":"initial","hypothesisId":"H1,H2,H4,H5","location":"Converted.CT","message":"runtime counter snapshot","data":{"entryCount":58957,"noMatchCount":34016,"youthMatchCount":4,"ptrVal":"0x3F685B4C","saveRDX":"0x143AD6D39"},"timestamp":1777842426000}
{"sessionId":"5f6585","runId":"initial","hypothesisId":"H1,H2,H4,H5","location":"Converted.CT","message":"runtime counter snapshot","data":{"entryCount":60231,"noMatchCount":34216,"youthMatchCount":4,"ptrVal":"0x3F68D718","saveRDX":"0x14384442B"},"timestamp":1777842427000}
{"sessionId":"5f6585","runId":"initial","hypothesisId":"H1,H2,H4,H5","location":"Converted.CT","message":"runtime counter snapshot","data":{"entryCount":61441,"noMatchCount":34397,"youthMatchCount":4,"ptrVal":"0x3F68D718","saveRDX":"0x14384442B"},"timestamp":1777842428000}
{"sessionId":"5f6585","runId":"initial","hypothesisId":"H1,H2,H4,H5","location":"Converted.CT","message":"runtime counter snapshot","data":{"entryCount":62679,"noMatchCount":34582,"youthMatchCount":4,"ptrVal":"0x3F68D718","saveRDX":"0x14384442B"},"timestamp":1777842429000}
{"sessionId":"5f6585","runId":"initial","hypothesisId":"H1,H2,H4,H5","location":"Converted.CT","message":"runtime counter snapshot","data":{"entryCount":63881,"noMatchCount":34762,"youthMatchCount":4,"ptrVal":"0x3F68D718","saveRDX":"0x14384442B"},"timestamp":1777842430000}
{"sessionId":"5f6585","runId":"initial","hypothesisId":"H1,H2,H4,H5","location":"Converted.CT","message":"runtime counter snapshot","data":{"entryCount":65081,"noMatchCount":34942,"youthMatchCount":4,"ptrVal":"0x3F68D718","saveRDX":"0x14384442B"},"timestamp":1777842431000}
{"sessionId":"5f6585","runId":"initial","hypothesisId":"H1,H2,H4,H5","location":"Converted.CT","message":"runtime counter snapshot","data":{"entryCount":66269,"noMatchCount":35119,"youthMatchCount":4,"ptrVal":"0x3F68D718","saveRDX":"0x14384442B"},"timestamp":1777842432000}
{"sessionId":"5f6585","runId":"initial","hypothesisId":"H1,H2,H4,H5","location":"Converted.CT","message":"runtime counter snapshot","data":{"entryCount":67549,"noMatchCount":35304,"youthMatchCount":4,"ptrVal":"0x3F68D718","saveRDX":"0x14384442B"},"timestamp":1777842433000}
{"sessionId":"5f6585","runId":"initial","hypothesisId":"H1,H2,H4,H5","location":"Converted.CT","message":"runtime counter snapshot","data":{"entryCount":68749,"noMatchCount":35481,"youthMatchCount":4,"ptrVal":"0x3F68D718","saveRDX":"0x14384442B"},"timestamp":1777842434000}
{"sessionId":"5f6585","runId":"initial","hypothesisId":"H1,H2,H4,H5","location":"Converted.CT","message":"runtime counter snapshot","data":{"entryCount":69985,"noMatchCount":35664,"youthMatchCount":4,"ptrVal":"0x3F68D718","saveRDX":"0x14384442B"},"timestamp":1777842435000}
{"sessionId":"5f6585","runId":"initial","hypothesisId":"H1,H2,H4,H5","location":"Converted.CT","message":"runtime counter snapshot","data":{"entryCount":71185,"noMatchCount":35844,"youthMatchCount":4,"ptrVal":"0x3F68D718","saveRDX":"0x14384442B"},"timestamp":1777842436000}
{"sessionId":"5f6585","runId":"initial","hypothesisId":"H1,H2,H4,H5","location":"Converted.CT","message":"runtime counter snapshot","data":{"entryCount":72407,"noMatchCount":36021,"youthMatchCount":4,"ptrVal":"0x3F68D718","saveRDX":"0x14384442B"},"timestamp":1777842437000}
{"sessionId":"5f6585","runId":"initial","hypothesisId":"H1,H2,H4,H5","location":"Converted.CT","message":"runtime counter snapshot","data":{"entryCount":73643,"noMatchCount":36201,"youthMatchCount":4,"ptrVal":"0x3F68D718","saveRDX":"0x14384442B"},"timestamp":1777842438000}
{"sessionId":"5f6585","runId":"initial","hypothesisId":"H1,H2,H4,H5","location":"Converted.CT","message":"runtime counter snapshot","data":{"entryCount":74873,"noMatchCount":36384,"youthMatchCount":4,"ptrVal":"0x3F68D718","saveRDX":"0x14384442B"},"timestamp":1777842439000}
{"sessionId":"5f6585","runId":"initial","hypothesisId":"H1,H2,H4,H5","location":"Converted.CT","message":"runtime counter snapshot","data":{"entryCount":76155,"noMatchCount":36584,"youthMatchCount":4,"ptrVal":"0x3F68D718","saveRDX":"0x14384442B"},"timestamp":1777842440000}
{"sessionId":"5f6585","runId":"initial","hypothesisId":"H1,H2,H4,H5","location":"Converted.CT","message":"runtime counter snapshot","data":{"entryCount":77357,"noMatchCount":36764,"youthMatchCount":4,"ptrVal":"0x3F68D718","saveRDX":"0x14384442B"},"timestamp":1777842441000}
{"sessionId":"5f6585","runId":"initial","hypothesisId":"H1,H2,H4,H5","location":"Converted.CT","message":"runtime counter snapshot","data":{"entryCount":78598,"noMatchCount":36962,"youthMatchCount":4,"ptrVal":"0x3F68D718","saveRDX":"0x14384442B"},"timestamp":1777842442000}
{"sessionId":"5f6585","runId":"initial","hypothesisId":"H1,H2,H4,H5","location":"Converted.CT","message":"runtime counter snapshot","data":{"entryCount":79822,"noMatchCount":37146,"youthMatchCount":4,"ptrVal":"0x3F68D718","saveRDX":"0x14384442B"},"timestamp":1777842443000}
{"sessionId":"5f6585","runId":"initial","hypothesisId":"H1,H2,H4,H5","location":"Converted.CT","message":"runtime counter snapshot","data":{"entryCount":81085,"noMatchCount":37326,"youthMatchCount":4,"ptrVal":"0x3F685B4C","saveRDX":"0x143AD6D39"},"timestamp":1777842444000}
{"sessionId":"5f6585","runId":"initial","hypothesisId":"H1,H2,H4,H5","location":"Converted.CT","message":"runtime counter snapshot","data":{"entryCount":82343,"noMatchCount":37530,"youthMatchCount":4,"ptrVal":"0x3F68D718","saveRDX":"0x14384442B"},"timestamp":1777842445000}
{"sessionId":"5f6585","runId":"initial","hypothesisId":"H1,H2,H4,H5","location":"Converted.CT","message":"runtime counter snapshot","data":{"entryCount":83566,"noMatchCount":37725,"youthMatchCount":4,"ptrVal":"0x3F68D718","saveRDX":"0x14384442B"},"timestamp":1777842446000}
{"sessionId":"5f6585","runId":"initial","hypothesisId":"H1,H2,H4,H5","location":"Converted.CT","message":"runtime counter snapshot","data":{"entryCount":84812,"noMatchCount":37932,"youthMatchCount":4,"ptrVal":"0x3F68D7A4","saveRDX":"0x143AED61D"},"timestamp":1777842447000}
{"sessionId":"5f6585","runId":"initial","hypothesisId":"H1,H2,H4,H5","location":"Converted.CT","message":"runtime counter snapshot","data":{"entryCount":86063,"noMatchCount":38120,"youthMatchCount":4,"ptrVal":"0x3F68D718","saveRDX":"0x14384442B"},"timestamp":1777842448000}
{"sessionId":"5f6585","runId":"initial","hypothesisId":"H1,H2,H4,H5","location":"Converted.CT","message":"runtime counter snapshot","data":{"entryCount":87287,"noMatchCount":38300,"youthMatchCount":4,"ptrVal":"0x3F68D718","saveRDX":"0x14384442B"},"timestamp":1777842449000}
{"sessionId":"5f6585","runId":"initial","hypothesisId":"H1,H2,H4,H5","location":"Converted.CT","message":"runtime counter snapshot","data":{"entryCount":88487,"noMatchCount":38480,"youthMatchCount":4,"ptrVal":"0x3F68D718","saveRDX":"0x14384442B"},"timestamp":1777842450000}
{"sessionId":"5f6585","runId":"initial","hypothesisId":"H1,H2,H4,H5","location":"Converted.CT","message":"runtime counter snapshot","data":{"entryCount":89687,"noMatchCount":38660,"youthMatchCount":4,"ptrVal":"0x3F68D718","saveRDX":"0x14384442B"},"timestamp":1777842451000}
{"sessionId":"5f6585","runId":"initial","hypothesisId":"H1,H2,H4,H5","location":"Converted.CT","message":"runtime counter snapshot","data":{"entryCount":90911,"noMatchCount":38842,"youthMatchCount":4,"ptrVal":"0x3F68D718","saveRDX":"0x14384442B"},"timestamp":1777842452000}
{"sessionId":"5f6585","runId":"initial","hypothesisId":"H1,H2,H4,H5","location":"Converted.CT","message":"runtime counter snapshot","data":{"entryCount":92161,"noMatchCount":39044,"youthMatchCount":4,"ptrVal":"0x3F68D718","saveRDX":"0x14384442B"},"timestamp":1777842453000}
{"sessionId":"5f6585","runId":"initial","hypothesisId":"H1,H2,H4,H5","location":"Converted.CT","message":"runtime counter snapshot","data":{"entryCount":93393,"noMatchCount":39221,"youthMatchCount":4,"ptrVal":"0x3F68D718","saveRDX":"0x14384442B"},"timestamp":1777842454000}
{"sessionId":"5f6585","runId":"initial","hypothesisId":"H1,H2,H4,H5","location":"Converted.CT","message":"runtime counter snapshot","data":{"entryCount":94849,"noMatchCount":39440,"youthMatchCount":4,"ptrVal":"0x3F68D718","saveRDX":"0x14384442B"},"timestamp":1777842455000}
{"sessionId":"5f6585","runId":"initial","hypothesisId":"H1,H2,H4,H5","location":"Converted.CT","message":"runtime counter snapshot","data":{"entryCount":96219,"noMatchCount":39683,"youthMatchCount":4,"ptrVal":"0x3F68D718","saveRDX":"0x14384442B"},"timestamp":1777842456000}
{"sessionId":"5f6585","runId":"initial","hypothesisId":"H1,H2,H4,H5","location":"Converted.CT","message":"runtime counter snapshot","data":{"entryCount":97473,"noMatchCount":39868,"youthMatchCount":4,"ptrVal":"0x3F68D718","saveRDX":"0x14384442B"},"timestamp":1777842457000}
{"sessionId":"5f6585","runId":"initial","hypothesisId":"H1,H2,H4,H5","location":"Converted.CT","message":"runtime counter snapshot","data":{"entryCount":98673,"noMatchCount":40048,"youthMatchCount":4,"ptrVal":"0x3F68D718","saveRDX":"0x14384442B"},"timestamp":1777842458000}
{"sessionId":"5f6585","runId":"initial","hypothesisId":"H1,H2,H4,H5","location":"Converted.CT","message":"runtime counter snapshot","data":{"entryCount":99873,"noMatchCount":40228,"youthMatchCount":4,"ptrVal":"0x3F68D718","saveRDX":"0x14384442B"},"timestamp":1777842459000}
{"sessionId":"5f6585","runId":"initial","hypothesisId":"H1,H2,H4,H5","location":"Converted.CT","message":"runtime counter snapshot","data":{"entryCount":100553,"noMatchCount":40411,"youthMatchCount":4,"ptrVal":"0x3F68D718","saveRDX":"0x14384442B"},"timestamp":1777842460000}
{"sessionId":"5f6585","runId":"initial","hypothesisId":"H1,H2,H4,H5","location":"Converted.CT","message":"runtime counter snapshot","data":{"entryCount":100853,"noMatchCount":40591,"youthMatchCount":4,"ptrVal":"0x3F68D718","saveRDX":"0x14384442B"},"timestamp":1777842461000}
{"sessionId":"5f6585","runId":"initial","hypothesisId":"H1,H2,H4,H5","location":"Converted.CT","message":"runtime counter snapshot","data":{"entryCount":101153,"noMatchCount":40771,"youthMatchCount":4,"ptrVal":"0x3F68D718","saveRDX":"0x14384442B"},"timestamp":1777842462000}
{"sessionId":"5f6585","runId":"initial","hypothesisId":"H1,H2,H4,H5","location":"Converted.CT","message":"runtime counter snapshot","data":{"entryCount":101453,"noMatchCount":40951,"youthMatchCount":4,"ptrVal":"0x3F68D718","saveRDX":"0x14384442B"},"timestamp":1777842463000}
{"sessionId":"5f6585","runId":"initial","hypothesisId":"H1,H2,H4,H5","location":"Converted.CT","message":"runtime counter snapshot","data":{"entryCount":101753,"noMatchCount":41131,"youthMatchCount":4,"ptrVal":"0x3F68D718","saveRDX":"0x14384442B"},"timestamp":1777842464000}
{"sessionId":"5f6585","runId":"initial","hypothesisId":"H1,H2,H4,H5","location":"Converted.CT","message":"runtime counter snapshot","data":{"entryCount":102053,"noMatchCount":41311,"youthMatchCount":4,"ptrVal":"0x3F68D718","saveRDX":"0x14384442B"},"timestamp":1777842465000}
{"sessionId":"5f6585","runId":"initial","hypothesisId":"H1,H2,H4,H5","location":"Converted.CT","message":"runtime counter snapshot","data":{"entryCount":102348,"noMatchCount":41488,"youthMatchCount":4,"ptrVal":"0x3F68D718","saveRDX":"0x14384442B"},"timestamp":1777842466000}
{"sessionId":"5f6585","runId":"initial","hypothesisId":"H1,H2,H4,H5","location":"Converted.CT","message":"runtime counter snapshot","data":{"entryCount":102653,"noMatchCount":41671,"youthMatchCount":4,"ptrVal":"0x3F68D718","saveRDX":"0x14384442B"},"timestamp":1777842467000}
{"sessionId":"5f6585","runId":"initial","hypothesisId":"H1,H2,H4,H5","location":"Converted.CT","message":"runtime counter snapshot","data":{"entryCount":102953,"noMatchCount":41851,"youthMatchCount":4,"ptrVal":"0x3F68D718","saveRDX":"0x14384442B"},"timestamp":1777842468000}
{"sessionId":"5f6585","runId":"initial","hypothesisId":"H1,H2,H4,H5","location":"Converted.CT","message":"runtime counter snapshot","data":{"entryCount":103253,"noMatchCount":42031,"youthMatchCount":4,"ptrVal":"0x3F68D718","saveRDX":"0x14384442B"},"timestamp":1777842469000}
{"sessionId":"5f6585","runId":"initial","hypothesisId":"H1,H2,H4,H5","location":"Converted.CT","message":"runtime counter snapshot","data":{"entryCount":103553,"noMatchCount":42211,"youthMatchCount":4,"ptrVal":"0x3F68D718","saveRDX":"0x14384442B"},"timestamp":1777842470000}
{"sessionId":"5f6585","runId":"initial","hypothesisId":"H1,H2,H4,H5","location":"Converted.CT","message":"runtime counter snapshot","data":{"entryCount":103853,"noMatchCount":42391,"youthMatchCount":4,"ptrVal":"0x3F68D718","saveRDX":"0x14384442B"},"timestamp":1777842471000}
{"sessionId":"5f6585","runId":"initial","hypothesisId":"H1,H2,H4,H5","location":"Converted.CT","message":"runtime counter snapshot","data":{"entryCount":104148,"noMatchCount":42568,"youthMatchCount":4,"ptrVal":"0x3F68D718","saveRDX":"0x14384442B"},"timestamp":1777842472000}
{"sessionId":"5f6585","runId":"initial","hypothesisId":"H1,H2,H4,H5","location":"Converted.CT","message":"runtime counter snapshot","data":{"entryCount":104453,"noMatchCount":42751,"youthMatchCount":4,"ptrVal":"0x3F68D718","saveRDX":"0x14384442B"},"timestamp":1777842473000}
{"sessionId":"5f6585","runId":"initial","hypothesisId":"H1,H2,H4,H5","location":"Converted.CT","message":"runtime counter snapshot","data":{"entryCount":104748,"noMatchCount":42928,"youthMatchCount":4,"ptrVal":"0x3F68D718","saveRDX":"0x14384442B"},"timestamp":1777842474000}
{"sessionId":"5f6585","runId":"initial","hypothesisId":"H1,H2,H4,H5","location":"Converted.CT","message":"runtime counter snapshot","data":{"entryCount":105048,"noMatchCount":43108,"youthMatchCount":4,"ptrVal":"0x3F68D718","saveRDX":"0x14384442B"},"timestamp":1777842475000}
{"sessionId":"5f6585","runId":"initial","hypothesisId":"H1,H2,H4,H5","location":"Converted.CT","message":"runtime counter snapshot","data":{"entryCount":105893,"noMatchCount":43291,"youthMatchCount":4,"ptrVal":"0x3F68D718","saveRDX":"0x14384442B"},"timestamp":1777842476000}
{"sessionId":"5f6585","runId":"initial","hypothesisId":"H1,H2,H4,H5","location":"Converted.CT","message":"runtime counter snapshot","data":{"entryCount":107093,"noMatchCount":43471,"youthMatchCount":4,"ptrVal":"0x3F68D718","saveRDX":"0x14384442B"},"timestamp":1777842477000}
{"sessionId":"5f6585","runId":"initial","hypothesisId":"H1,H2,H4,H5","location":"Converted.CT","message":"runtime counter snapshot","data":{"entryCount":108273,"noMatchCount":43648,"youthMatchCount":4,"ptrVal":"0x3F68D718","saveRDX":"0x14384442B"},"timestamp":1777842478000}
{"sessionId":"5f6585","runId":"initial","hypothesisId":"H1,H2,H4,H5","location":"Converted.CT","message":"runtime counter snapshot","data":{"entryCount":109493,"noMatchCount":43831,"youthMatchCount":4,"ptrVal":"0x3F68D718","saveRDX":"0x14384442B"},"timestamp":1777842479000}
{"sessionId":"5f6585","runId":"initial","hypothesisId":"H1,H2,H4,H5","location":"Converted.CT","message":"runtime counter snapshot","data":{"entryCount":110693,"noMatchCount":44011,"youthMatchCount":4,"ptrVal":"0x3F68D718","saveRDX":"0x14384442B"},"timestamp":1777842480000}
{"sessionId":"5f6585","runId":"initial","hypothesisId":"H1,H2,H4,H5","location":"Converted.CT","message":"runtime counter snapshot","data":{"entryCount":111893,"noMatchCount":44191,"youthMatchCount":4,"ptrVal":"0x3F68D718","saveRDX":"0x14384442B"},"timestamp":1777842481000}
{"sessionId":"5f6585","runId":"initial","hypothesisId":"H1,H2,H4,H5","location":"Converted.CT","message":"runtime counter snapshot","data":{"entryCount":113093,"noMatchCount":44371,"youthMatchCount":4,"ptrVal":"0x3F68D718","saveRDX":"0x14384442B"},"timestamp":1777842482000}
{"sessionId":"5f6585","runId":"initial","hypothesisId":"H1,H2,H4,H5","location":"Converted.CT","message":"runtime counter snapshot","data":{"entryCount":113798,"noMatchCount":44551,"youthMatchCount":4,"ptrVal":"0x3F68D718","saveRDX":"0x14384442B"},"timestamp":1777842483000}
{"sessionId":"5f6585","runId":"initial","hypothesisId":"H1,H2,H4,H5","location":"Converted.CT","message":"runtime counter snapshot","data":{"entryCount":114188,"noMatchCount":44731,"youthMatchCount":4,"ptrVal":"0x3F68D718","saveRDX":"0x14384442B"},"timestamp":1777842484000}
{"sessionId":"5f6585","runId":"initial","hypothesisId":"H1,H2,H4,H5","location":"Converted.CT","message":"runtime counter snapshot","data":{"entryCount":115408,"noMatchCount":44915,"youthMatchCount":4,"ptrVal":"0x3F68D718","saveRDX":"0x14384442B"},"timestamp":1777842485000}
{"sessionId":"5f6585","runId":"initial","hypothesisId":"H1,H2,H4,H5","location":"Converted.CT","message":"runtime counter snapshot","data":{"entryCount":116652,"noMatchCount":45094,"youthMatchCount":4,"ptrVal":"0x3F68D718","saveRDX":"0x14384442B"},"timestamp":1777842486000}
{"sessionId":"5f6585","runId":"initial","hypothesisId":"H1,H2,H4,H5","location":"Converted.CT","message":"runtime counter snapshot","data":{"entryCount":117893,"noMatchCount":45277,"youthMatchCount":4,"ptrVal":"0x3F68D718","saveRDX":"0x14384442B"},"timestamp":1777842487000}
{"sessionId":"5f6585","runId":"initial","hypothesisId":"H1,H2,H4,H5","location":"Converted.CT","message":"runtime counter snapshot","data":{"entryCount":119127,"noMatchCount":45463,"youthMatchCount":4,"ptrVal":"0x3F68D718","saveRDX":"0x14384442B"},"timestamp":1777842488000}
{"sessionId":"5f6585","runId":"initial","hypothesisId":"H1,H2,H4,H5","location":"Converted.CT","message":"runtime counter snapshot","data":{"entryCount":120380,"noMatchCount":45643,"youthMatchCount":4,"ptrVal":"0x3F68D718","saveRDX":"0x14384442B"},"timestamp":1777842489000}
{"sessionId":"5f6585","runId":"initial","hypothesisId":"H1,H2,H4,H5","location":"Converted.CT","message":"runtime counter snapshot","data":{"entryCount":121612,"noMatchCount":45825,"youthMatchCount":4,"ptrVal":"0x3F68D718","saveRDX":"0x14384442B"},"timestamp":1777842490000}
{"sessionId":"5f6585","runId":"initial","hypothesisId":"H1,H2,H4,H5","location":"Converted.CT","message":"runtime counter snapshot","data":{"entryCount":122765,"noMatchCount":45993,"youthMatchCount":4,"ptrVal":"0x3F68D718","saveRDX":"0x14384442B"},"timestamp":1777842491000}
{"sessionId":"5f6585","runId":"initial","hypothesisId":"H1,H2,H4,H5","location":"Converted.CT","message":"runtime counter snapshot","data":{"entryCount":123986,"noMatchCount":46173,"youthMatchCount":4,"ptrVal":"0x3F68D718","saveRDX":"0x14384442B"},"timestamp":1777842492000}
{"sessionId":"5f6585","runId":"initial","hypothesisId":"H1,H2,H4,H5","location":"Converted.CT","message":"runtime counter snapshot","data":{"entryCount":125186,"noMatchCount":46353,"youthMatchCount":4,"ptrVal":"0x3F68D718","saveRDX":"0x14384442B"},"timestamp":1777842493000}
{"sessionId":"5f6585","runId":"initial","hypothesisId":"H1,H2,H4,H5","location":"Converted.CT","message":"runtime counter snapshot","data":{"entryCount":126386,"noMatchCount":46533,"youthMatchCount":4,"ptrVal":"0x3F68D718","saveRDX":"0x14384442B"},"timestamp":1777842494000}
{"sessionId":"5f6585","runId":"initial","hypothesisId":"H3","location":"Converted.CT","message":"cheat table enable requested","data":{"tableContainsYouthAge14":true,"expectedKey":"YOUTH_SQUAD/MIN_PLAYER_AGE_FOR_PROMOTION"},"timestamp":1777842495000}
{"sessionId":"5f6585","runId":"initial","hypothesisId":"cleanup","location":"Converted.CT","message":"cheat table disabled","data":{},"timestamp":1777842495000}
